0 info it worked if it ends with ok
1 verbose cli [ '/usr/local/bin/node', '/usr/local/bin/npm', 'run', 'build' ]
2 info using npm@2.14.7
3 info using node@v4.2.1
4 verbose run-script [ 'prebuild', 'build', 'postbuild' ]
5 info prebuild rad_dash_app@0.0.1
6 verbose unsafe-perm in lifecycle true
7 info build rad_dash_app@0.0.1
8 verbose unsafe-perm in lifecycle true
9 info postbuild rad_dash_app@0.0.1
10 verbose unsafe-perm in lifecycle true
11 info rad_dash_app@0.0.1 Failed to exec postbuild script
12 verbose stack Error: rad_dash_app@0.0.1 postbuild: `babel-node tools/distServer.js`
12 verbose stack Exit status 1
12 verbose stack     at EventEmitter.<anonymous> (/usr/local/lib/node_modules/npm/lib/utils/lifecycle.js:214:16)
12 verbose stack     at emitTwo (events.js:87:13)
12 verbose stack     at EventEmitter.emit (events.js:172:7)
12 verbose stack     at ChildProcess.<anonymous> (/usr/local/lib/node_modules/npm/lib/utils/spawn.js:24:14)
12 verbose stack     at emitTwo (events.js:87:13)
12 verbose stack     at ChildProcess.emit (events.js:172:7)
12 verbose stack     at maybeClose (internal/child_process.js:818:16)
12 verbose stack     at Process.ChildProcess._handle.onexit (internal/child_process.js:211:5)
13 verbose pkgid rad_dash_app@0.0.1
14 verbose cwd /Users/BlackLinden/Projects/radiologyDashboardAPI/frontend
15 error Darwin 15.5.0
16 error argv "/usr/local/bin/node" "/usr/local/bin/npm" "run" "build"
17 error node v4.2.1
18 error npm  v2.14.7
19 error code ELIFECYCLE
20 error rad_dash_app@0.0.1 postbuild: `babel-node tools/distServer.js`
20 error Exit status 1
21 error Failed at the rad_dash_app@0.0.1 postbuild script 'babel-node tools/distServer.js'.
21 error This is most likely a problem with the rad_dash_app package,
21 error not with npm itself.
21 error Tell the author that this fails on your system:
21 error     babel-node tools/distServer.js
21 error You can get their info via:
21 error     npm owner ls rad_dash_app
21 error There is likely additional logging output above.
22 verbose exit [ 1, true ]
